  main.cpp
D:\Project\v2\pro\main.cpp(14,12): warning C4244: “初始化”: 从“float”转换到“int”，可能丢失数据
D:\Project\v2\pro\main.cpp(54,80): warning C4244: “参数”: 从“double”转换到“GLfloat”，可能丢失数据
D:\Project\v2\pro\main.cpp(54,95): warning C4305: “参数”: 从“double”到“GLfloat”截断
D:\Project\v2\pro\main.cpp(54,36): warning C4244: “参数”: 从“double”转换到“GLfloat”，可能丢失数据
D:\Project\v2\pro\main.cpp(61,91): warning C4244: “参数”: 从“double”转换到“GLfloat”，可能丢失数据
D:\Project\v2\pro\main.cpp(61,58): warning C4244: “参数”: 从“double”转换到“GLfloat”，可能丢失数据
D:\Project\v2\pro\main.cpp(61,38): warning C4244: “参数”: 从“double”转换到“GLfloat”，可能丢失数据
D:\Project\v2\pro\main.cpp(72,38): warning C4305: “参数”: 从“double”到“float”截断
D:\Project\v2\pro\main.cpp(85,20): warning C4018: “<”: 有符号/无符号不匹配
D:\Project\v2\pro\main.cpp(91,26): warning C4018: “<”: 有符号/无符号不匹配
D:\Project\v2\pro\main.cpp(228,10): warning C4244: “初始化”: 从“double”转换到“float”，可能丢失数据
D:\Project\v2\pro\main.cpp(236,10): warning C4244: “初始化”: 从“double”转换到“float”，可能丢失数据
  OSMReader.cpp
D:\Project\v2\pro\OSMReader.cpp(5,21): warning C4018: “<”: 有符号/无符号不匹配
D:\Project\v2\pro\OSMReader.cpp(42,18): warning C4018: “<”: 有符号/无符号不匹配
D:\Project\v2\pro\OSMReader.cpp(259,29): warning C4018: “<”: 有符号/无符号不匹配
D:\Project\v2\pro\OSMReader.cpp(273,27): warning C4018: “<”: 有符号/无符号不匹配
  Road.cpp
  RoadReader.cpp
D:\Project\v2\pro\RoadReader.cpp(36,21): warning C4018: “<”: 有符号/无符号不匹配
D:\Project\v2\pro\RoadReader.cpp(41,29): warning C4018: “<”: 有符号/无符号不匹配
D:\Project\v2\pro\RoadReader.cpp(76,10): warning C4244: “初始化”: 从“double”转换到“float”，可能丢失数据
D:\Project\v2\pro\RoadReader.cpp(77,35): warning C4244: “return”: 从“double”转换到“float”，可能丢失数据
  正在生成代码
  Previous IPDB not found, fall back to full compilation.
  All 506 functions were compiled because no usable IPDB/IOBJ from previous compilation was found.
  已完成代码的生成
  pro.vcxproj -> D:\Project\v2\pro\Release\pro.exe
